<?xml version="1.0" encoding="UTF-8"?>
<!-- Generated by org.testng.reporters.JUnitReportReporter -->
<testsuite hostname="LAPTOP-BBN9GDG1" failures="0" tests="5" name="Tests.BaseTest" time="6.141" errors="0" timestamp="2022-06-06T20:04:05 TRT" skipped="0">
  <testcase classname="Tests.BaseTest" name="clickTableButton" time="1.251"/>
  <system-out>
    <![CDATA[User clicks Table Button SUCCESSFULLY]]>
  </system-out>
  <testcase classname="Tests.BaseTest" name="selectLeague" time="1.191"/>
  <system-out>
    <![CDATA[User selects the league SUCCESSFULLY]]>
  </system-out>
  <testcase classname="Tests.BaseTest" name="selectSeason" time="2.150"/>
  <system-out>
    <![CDATA[User selects a Season of the League SUCCESSFULLY]]>
  </system-out>
  <testcase classname="Tests.BaseTest" name="selectChampion" time="0.063"/>
  <system-out>
    <![CDATA[User selects a 2016/2017 League Champion SUCCESSFULLY]]>
  </system-out>
  <testcase classname="Tests.BaseTest" name="checkChampion" time="1.486"/>
  <system-out>
    <![CDATA[User checks the Champion SUCCESSFULLY]]>
  </system-out>
</testsuite> <!-- Tests.BaseTest -->
